# JRE version: OpenJDK Runtime Environment (8.0_91-b14) (build 1.8.0_91-8u91-b14-3ubuntu1~16.04.1-b14)
# Java VM: OpenJDK 64-Bit Server VM (25.91-b14 mixed mode linux-amd64 compressed oops)
Heap:
 PSYoungGen      total 73728K, used 6125K [0x00000000f5b00000, 0x00000000faa00000, 0x0000000100000000)
  eden space 67584K, 0% used [0x00000000f5b00000,0x00000000f5b00000,0x00000000f9d00000)
  from space 6144K, 99% used [0x00000000f9d00000,0x00000000fa2fb460,0x00000000fa300000)
  to   space 5120K, 0% used [0x00000000fa300000,0x00000000fa300000,0x00000000fa800000)
 ParOldGen       total 22016K, used 10564K [0x00000000e1000000, 0x00000000e2580000, 0x00000000f5b00000)
  object space 22016K, 47% used [0x00000000e1000000,0x00000000e1a51158,0x00000000e2580000)
 Metaspace       used 17975K, capacity 18568K, committed 18688K, reserved 1064960K
  class space    used 2060K, capacity 2239K, committed 2304K, reserved 1048576K
GC Heap History (10 events):
Event: 1.354 GC heap after
Heap after GC invocations=4 (full 0):
 PSYoungGen      total 18432K, used 1024K [0x00000000f5b00000, 0x00000000f6e00000, 0x0000000100000000)
  eden space 17408K, 0% used [0x00000000f5b00000,0x00000000f5b00000,0x00000000f6c00000)
  from space 1024K, 100% used [0x00000000f6d00000,0x00000000f6e00000,0x00000000f6e00000)
  to   space 1024K, 0% used [0x00000000f6c00000,0x00000000f6c00000,0x00000000f6d00000)
 ParOldGen       total 22016K, used 4325K [0x00000000e1000000, 0x00000000e2580000, 0x00000000f5b00000)
  object space 22016K, 19% used [0x00000000e1000000,0x00000000e14396d8,0x00000000e2580000)
 Metaspace       used 8219K, capacity 8322K, committed 8576K, reserved 1056768K
  class space    used 1005K, capacity 1049K, committed 1152K, reserved 1048576K
}
Event: 1.612 GC heap before
{Heap before GC invocations=5 (full 0):
 PSYoungGen      total 18432K, used 18432K [0x00000000f5b00000, 0x00000000f6e00000, 0x0000000100000000)
  eden space 17408K, 100% used [0x00000000f5b00000,0x00000000f6c00000,0x00000000f6c00000)
  from space 1024K, 100% used [0x00000000f6d00000,0x00000000f6e00000,0x00000000f6e00000)
  to   space 1024K, 0% used [0x00000000f6c00000,0x00000000f6c00000,0x00000000f6d00000)
 ParOldGen       total 22016K, used 4325K [0x00000000e1000000, 0x00000000e2580000, 0x00000000f5b00000)
  object space 22016K, 19% used [0x00000000e1000000,0x00000000e14396d8,0x00000000e2580000)
 Metaspace       used 10436K, capacity 10558K, committed 10624K, reserved 1058816K
  class space    used 1274K, capacity 1347K, committed 1408K, reserved 1048576K
Event: 1.621 GC heap after
Heap after GC invocations=5 (full 0):
 PSYoungGen      total 18432K, used 1024K [0x00000000f5b00000, 0x00000000f8500000, 0x0000000100000000)
  eden space 17408K, 0% used [0x00000000f5b00000,0x00000000f5b00000,0x00000000f6c00000)
  from space 1024K, 100% used [0x00000000f6c00000,0x00000000f6d00000,0x00000000f6d00000)
  to   space 4096K, 0% used [0x00000000f8100000,0x00000000f8100000,0x00000000f8500000)
 ParOldGen       total 22016K, used 7317K [0x00000000e1000000, 0x00000000e2580000, 0x00000000f5b00000)
  object space 22016K, 33% used [0x00000000e1000000,0x00000000e1725520,0x00000000e2580000)
 Metaspace       used 10436K, capacity 10558K, committed 10624K, reserved 1058816K
  class space    used 1274K, capacity 1347K, committed 1408K, reserved 1048576K
}
Event: 1.990 GC heap before
{Heap before GC invocations=6 (full 0):
 PSYoungGen      total 18432K, used 18432K [0x00000000f5b00000, 0x00000000f8500000, 0x0000000100000000)
  eden space 17408K, 100% used [0x00000000f5b00000,0x00000000f6c00000,0x00000000f6c00000)
  from space 1024K, 100% used [0x00000000f6c00000,0x00000000f6d00000,0x00000000f6d00000)
  to   space 4096K, 0% used [0x00000000f8100000,0x00000000f8100000,0x00000000f8500000)
 ParOldGen       total 22016K, used 7317K [0x00000000e1000000, 0x00000000e2580000, 0x00000000f5b00000)
  object space 22016K, 33% used [0x00000000e1000000,0x00000000e1725520,0x00000000e2580000)
 Metaspace       used 12515K, capacity 12724K, committed 12928K, reserved 1060864K
  class space    used 1544K, capacity 1638K, committed 1664K, reserved 1048576K
Event: 2.015 GC heap after
Heap after GC invocations=6 (full 0):
 PSYoungGen      total 38400K, used 3772K [0x00000000f5b00000, 0x00000000f8600000, 0x0000000100000000)
  eden space 34304K, 0% used [0x00000000f5b00000,0x00000000f5b00000,0x00000000f7c80000)
  from space 4096K, 92% used [0x00000000f8100000,0x00000000f84af218,0x00000000f8500000)
  to   space 4608K, 0% used [0x00000000f7c80000,0x00000000f7c80000,0x00000000f8100000)
 ParOldGen       total 22016K, used 7325K [0x00000000e1000000, 0x00000000e2580000, 0x00000000f5b00000)
  object space 22016K, 33% used [0x00000000e1000000,0x00000000e1727520,0x00000000e2580000)
 Metaspace       used 12515K, capacity 12724K, committed 12928K, reserved 1060864K
  class space    used 1544K, capacity 1638K, committed 1664K, reserved 1048576K
}
Event: 2.997 GC heap before
{Heap before GC invocations=7 (full 0):
 PSYoungGen      total 38400K, used 38076K [0x00000000f5b00000, 0x00000000f8600000, 0x0000000100000000)
  eden space 34304K, 100% used [0x00000000f5b00000,0x00000000f7c80000,0x00000000f7c80000)
  from space 4096K, 92% used [0x00000000f8100000,0x00000000f84af218,0x00000000f8500000)
  to   space 4608K, 0% used [0x00000000f7c80000,0x00000000f7c80000,0x00000000f8100000)
 ParOldGen       total 22016K, used 7325K [0x00000000e1000000, 0x00000000e2580000, 0x00000000f5b00000)
  object space 22016K, 33% used [0x00000000e1000000,0x00000000e1727520,0x00000000e2580000)
 Metaspace       used 15705K, capacity 15928K, committed 16128K, reserved 1062912K
  class space    used 1875K, capacity 1970K, committed 2048K, reserved 1048576K
Event: 3.029 GC heap after
Heap after GC invocations=7 (full 0):
 PSYoungGen      total 38912K, used 4134K [0x00000000f5b00000, 0x00000000fa800000, 0x0000000100000000)
  eden space 34304K, 0% used [0x00000000f5b00000,0x00000000f5b00000,0x00000000f7c80000)
  from space 4608K, 89% used [0x00000000f7c80000,0x00000000f8089af8,0x00000000f8100000)
  to   space 5120K, 0% used [0x00000000fa300000,0x00000000fa300000,0x00000000fa800000)
 ParOldGen       total 22016K, used 7677K [0x00000000e1000000, 0x00000000e2580000, 0x00000000f5b00000)
  object space 22016K, 34% used [0x00000000e1000000,0x00000000e177f570,0x00000000e2580000)
 Metaspace       used 15705K, capacity 15928K, committed 16128K, reserved 1062912K
  class space    used 1875K, capacity 1970K, committed 2048K, reserved 1048576K
}
Event: 4.258 GC heap before
{Heap before GC invocations=8 (full 0):
 PSYoungGen      total 38912K, used 38438K [0x00000000f5b00000, 0x00000000fa800000, 0x0000000100000000)
  eden space 34304K, 100% used [0x00000000f5b00000,0x00000000f7c80000,0x00000000f7c80000)
  from space 4608K, 89% used [0x00000000f7c80000,0x00000000f8089af8,0x00000000f8100000)
  to   space 5120K, 0% used [0x00000000fa300000,0x00000000fa300000,0x00000000fa800000)
 ParOldGen       total 22016K, used 7677K [0x00000000e1000000, 0x00000000e2580000, 0x00000000f5b00000)
  object space 22016K, 34% used [0x00000000e1000000,0x00000000e177f570,0x00000000e2580000)
 Metaspace       used 16703K, capacity 16946K, committed 17152K, reserved 1064960K
  class space    used 1978K, capacity 2048K, committed 2048K, reserved 1048576K
Event: 4.270 GC heap after
Heap after GC invocations=8 (full 0):
 PSYoungGen      total 72704K, used 5088K [0x00000000f5b00000, 0x00000000faa00000, 0x0000000100000000)
  eden space 67584K, 0% used [0x00000000f5b00000,0x00000000f5b00000,0x00000000f9d00000)
  from space 5120K, 99% used [0x00000000fa300000,0x00000000fa7f8020,0x00000000fa800000)
  to   space 6144K, 0% used [0x00000000f9d00000,0x00000000f9d00000,0x00000000fa300000)
 ParOldGen       total 22016K, used 8323K [0x00000000e1000000, 0x00000000e2580000, 0x00000000f5b00000)
  object space 22016K, 37% used [0x00000000e1000000,0x00000000e1820c90,0x00000000e2580000)
 Metaspace       used 16703K, capacity 16946K, committed 17152K, reserved 1064960K
  class space    used 1978K, capacity 2048K, committed 2048K, reserved 1048576K
}
Event: 6.543 GC heap before
{Heap before GC invocations=9 (full 0):
 PSYoungGen      total 72704K, used 72672K [0x00000000f5b00000, 0x00000000faa00000, 0x0000000100000000)
  eden space 67584K, 100% used [0x00000000f5b00000,0x00000000f9d00000,0x00000000f9d00000)
  from space 5120K, 99% used [0x00000000fa300000,0x00000000fa7f8020,0x00000000fa800000)
  to   space 6144K, 0% used [0x00000000f9d00000,0x00000000f9d00000,0x00000000fa300000)
 ParOldGen       total 22016K, used 8323K [0x00000000e1000000, 0x00000000e2580000, 0x00000000f5b00000)
  object space 22016K, 37% used [0x00000000e1000000,0x00000000e1820c90,0x00000000e2580000)
 Metaspace       used 17975K, capacity 18568K, committed 18688K, reserved 1064960K
  class space    used 2060K, capacity 2239K, committed 2304K, reserved 1048576K

